#-----------------------------------------------------------
# Vivado v2019.1 (64-bit)
# SW Build 2552052 on Fri May 24 14:49:42 MDT 2019
# IP Build 2548770 on Fri May 24 18:01:18 MDT 2019
# Start of session at: Fri Nov 10 18:39:35 2023
# Process ID: 15712
# Current directory: D:/Oscar/TEC/Octavo_Semestre/FPGA/Unidad 2/P7_RECONSTRUCCION_DE_UNA_SENAL/PRACTICA_7_T_FINAL
# Command line: vivado.exe -gui_launcher_event rodinguilauncherevent1524 D:\Oscar\TEC\Octavo_Semestre\FPGA\Unidad 2\P7_RECONSTRUCCION_DE_UNA_SENAL\PRACTICA_7_T_FINAL\PRACTICA_7_T_FINAL.xpr
# Log file: D:/Oscar/TEC/Octavo_Semestre/FPGA/Unidad 2/P7_RECONSTRUCCION_DE_UNA_SENAL/PRACTICA_7_T_FINAL/vivado.log
# Journal file: D:/Oscar/TEC/Octavo_Semestre/FPGA/Unidad 2/P7_RECONSTRUCCION_DE_UNA_SENAL/PRACTICA_7_T_FINAL\vivado.jou
#-----------------------------------------------------------
start_gui
open_project {D:/Oscar/TEC/Octavo_Semestre/FPGA/Unidad 2/P7_RECONSTRUCCION_DE_UNA_SENAL/PRACTICA_7_T_FINAL/PRACTICA_7_T_FINAL.xpr}
INFO: [ProjectBase 1-489] The host OS only allows 260 characters in a normal path. The project is stored in a path with more than 80 characters. If you experience issues with IP, Block Designs, or files not being found, please consider moving the project to a location with a shorter path. Alternately consider using the OS subst command to map part of the path to a drive letter.
Current project path is 'D:/Oscar/TEC/Octavo_Semestre/FPGA/Unidad 2/P7_RECONSTRUCCION_DE_UNA_SENAL/PRACTICA_7_T_FINAL'
Scanning sources...
Finished scanning sources
INFO: [IP_Flow 19-234] Refreshing IP repositories
INFO: [IP_Flow 19-1704] No user IP repositories specified
INFO: [IP_Flow 19-2313] Loaded Vivado IP repository 'D:/Vivado/Vivado/2019.1/data/ip'.
open_project: Time (s): cpu = 00:00:33 ; elapsed = 00:00:14 . Memory (MB): peak = 684.715 ; gain = 87.922
update_compile_order -fileset sources_1
exit
INFO: [Common 17-206] Exiting Vivado at Fri Nov 10 18:40:57 2023...
